#-----------------------------------------------------------
# Vivado v2018.2 (64-bit)
# SW Build 2258646 on Thu Jun 14 20:02:38 MDT 2018
# IP Build 2256618 on Thu Jun 14 22:10:49 MDT 2018
# Start of session at: Tue Feb 25 11:32:10 2020
# Process ID: 28416
# Current directory: /home/andrew/.doom.d
# Command line: vivado
# Log file: /home/andrew/.doom.d/vivado.log
# Journal file: /home/andrew/.doom.d/vivado.jou
#-----------------------------------------------------------
start_gui
open_project /home/andrew/CM_Kintex_FW/proj/top.xpr
Scanning sources...
Finished scanning sources
INFO: [IP_Flow 19-234] Refreshing IP repositories
INFO: [IP_Flow 19-1704] No user IP repositories specified
INFO: [IP_Flow 19-2313] Loaded Vivado IP repository '/home/andrew/Xilinx/Vivado/2018.2/data/ip'.
open_project: Time (s): cpu = 00:00:15 ; elapsed = 00:00:10 . Memory (MB): peak = 6570.020 ; gain = 511.270 ; free physical = 1391 ; free virtual = 37848
update_compile_order -fileset sources_1
create_bd_design "design_1"
Wrote  : </home/andrew/CM_Kintex_FW/proj/top.srcs/sources_1/bd/design_1/design_1.bd> 
update_compile_order -fileset sources_1
WARNING: [IP_Flow 19-3899] Cannot get the environment domain name variable for the component vendor name. Setting the vendor name to 'user.org'.
ipx::package_project -root_dir /home/andrew/CM_Kintex_FW/tmp -vendor user.org -library user -taxonomy /UserIP -import_files -set_current false
WARNING: [IP_Flow 19-3833] Unreferenced file from the top module is not packaged: '/home/andrew/CM_Kintex_FW/src/user_types_pkg.vhd'.
WARNING: [IP_Flow 19-3833] Unreferenced file from the top module is not packaged: '/home/andrew/CM_Kintex_FW/src/ttc_top.vhd'.
WARNING: [IP_Flow 19-3833] Unreferenced file from the top module is not packaged: '/home/andrew/CM_Kintex_FW/src/user_top.vhd'.
WARNING: [IP_Flow 19-3833] Unreferenced file from the top module is not packaged: '/home/andrew/CM_Kintex_FW/src/mdtl0_top.vhd'.
WARNING: [IP_Flow 19-3833] Unreferenced file from the top module is not packaged: '/home/andrew/CM_Kintex_FW/proj/c2cSlave/c2cSlave.bd'.
WARNING: [IP_Flow 19-3833] Unreferenced file from the top module is not packaged: '/home/andrew/CM_Kintex_FW/src/hw/lpgbt_inputs/lpgbt-emul/descrambler36bitOrder36.v'.
WARNING: [IP_Flow 19-3833] Unreferenced file from the top module is not packaged: '/home/andrew/CM_Kintex_FW/src/hw/lpgbt_inputs/lpgbt-emul/downLinkDeinterleaver.v'.
WARNING: [IP_Flow 19-3833] Unreferenced file from the top module is not packaged: '/home/andrew/CM_Kintex_FW/src/hw/lpgbt_inputs/lpgbt-emul/downLinkFECDecoder.v'.
WARNING: [IP_Flow 19-3833] Unreferenced file from the top module is not packaged: '/home/andrew/CM_Kintex_FW/src/hw/lpgbt_inputs/lpgbt-emul/downLinkRxDataPath.v'.
WARNING: [IP_Flow 19-3833] Unreferenced file from the top module is not packaged: '/home/andrew/CM_Kintex_FW/src/hw/lpgbt_inputs/lpgbt-emul/gf_add_3.v'.
WARNING: [IP_Flow 19-3833] Unreferenced file from the top module is not packaged: '/home/andrew/CM_Kintex_FW/src/hw/lpgbt_inputs/lpgbt-emul/gf_add_4.v'.
WARNING: [IP_Flow 19-3833] Unreferenced file from the top module is not packaged: '/home/andrew/CM_Kintex_FW/src/hw/lpgbt_inputs/lpgbt-emul/gf_add_5.v'.
WARNING: [IP_Flow 19-3833] Unreferenced file from the top module is not packaged: '/home/andrew/CM_Kintex_FW/src/hw/lpgbt_inputs/lpgbt-emul/gf_inv_3.v'.
WARNING: [IP_Flow 19-3833] Unreferenced file from the top module is not packaged: '/home/andrew/CM_Kintex_FW/src/hw/lpgbt_inputs/lpgbt-emul/gf_log_3.v'.
WARNING: [IP_Flow 19-3833] Unreferenced file from the top module is not packaged: '/home/andrew/CM_Kintex_FW/src/hw/lpgbt_inputs/lpgbt-emul/gf_multBy2_3.v'.
WARNING: [IP_Flow 19-3833] Unreferenced file from the top module is not packaged: '/home/andrew/CM_Kintex_FW/src/hw/lpgbt_inputs/lpgbt-emul/gf_multBy2_4.v'.
WARNING: [IP_Flow 19-3833] Unreferenced file from the top module is not packaged: '/home/andrew/CM_Kintex_FW/src/hw/lpgbt_inputs/lpgbt-emul/gf_multBy2_5.v'.
WARNING: [IP_Flow 19-3833] Unreferenced file from the top module is not packaged: '/home/andrew/CM_Kintex_FW/src/hw/lpgbt_inputs/lpgbt-emul/gf_multBy3_4.v'.
WARNING: [IP_Flow 19-3833] Unreferenced file from the top module is not packaged: '/home/andrew/CM_Kintex_FW/src/hw/lpgbt_inputs/lpgbt-emul/gf_multBy3_5.v'.
WARNING: [IP_Flow 19-3833] Unreferenced file from the top module is not packaged: '/home/andrew/CM_Kintex_FW/src/hw/lpgbt_inputs/lpgbt-emul/gf_mult_3.v'.
WARNING: [IP_Flow 19-3833] Unreferenced file from the top module is not packaged: '/home/andrew/CM_Kintex_FW/src/hw/lpgbt_inputs/lpgbt-emul/rs_decoder_N7K5.v'.
WARNING: [IP_Flow 19-3833] Unreferenced file from the top module is not packaged: '/home/andrew/CM_Kintex_FW/src/hw/lpgbt_inputs/lpgbt-emul/rs_encoder_N15K13.v'.
WARNING: [IP_Flow 19-3833] Unreferenced file from the top module is not packaged: '/home/andrew/CM_Kintex_FW/src/hw/lpgbt_inputs/lpgbt-emul/rs_encoder_N31K29.v'.
WARNING: [IP_Flow 19-3833] Unreferenced file from the top module is not packaged: '/home/andrew/CM_Kintex_FW/src/hw/lpgbt_inputs/lpgbt-emul/scrambler51bitOrder49.v'.
WARNING: [IP_Flow 19-3833] Unreferenced file from the top module is not packaged: '/home/andrew/CM_Kintex_FW/src/hw/lpgbt_inputs/lpgbt-emul/scrambler53bitOrder49.v'.
WARNING: [IP_Flow 19-3833] Unreferenced file from the top module is not packaged: '/home/andrew/CM_Kintex_FW/src/hw/lpgbt_inputs/lpgbt-emul/scrambler58bitOrder58.v'.
WARNING: [IP_Flow 19-3833] Unreferenced file from the top module is not packaged: '/home/andrew/CM_Kintex_FW/src/hw/lpgbt_inputs/lpgbt-emul/scrambler60bitOrder58.v'.
WARNING: [IP_Flow 19-3833] Unreferenced file from the top module is not packaged: '/home/andrew/CM_Kintex_FW/src/hw/lpgbt_inputs/srl16e_bbl.v'.
WARNING: [IP_Flow 19-3833] Unreferenced file from the top module is not packaged: '/home/andrew/CM_Kintex_FW/src/hw/lpgbt_inputs/lpgbt-emul/upLinkDataSelect.v'.
WARNING: [IP_Flow 19-3833] Unreferenced file from the top module is not packaged: '/home/andrew/CM_Kintex_FW/src/hw/lpgbt_inputs/lpgbt-emul/upLinkFECEncoder.v'.
WARNING: [IP_Flow 19-3833] Unreferenced file from the top module is not packaged: '/home/andrew/CM_Kintex_FW/src/hw/lpgbt_inputs/lpgbt-emul/upLinkInterleaver.v'.
WARNING: [IP_Flow 19-3833] Unreferenced file from the top module is not packaged: '/home/andrew/CM_Kintex_FW/src/hw/lpgbt_inputs/lpgbt-emul/upLinkScrambler.v'.
WARNING: [IP_Flow 19-3833] Unreferenced file from the top module is not packaged: '/home/andrew/CM_Kintex_FW/src/hw/lpgbt_inputs/lpgbt-emul/upLinkTxDataPath.v'.
WARNING: [IP_Flow 19-3833] Unreferenced file from the top module is not packaged: '/home/andrew/CM_Kintex_FW/src/misc/types.vhd'.
WARNING: [IP_Flow 19-3833] Unreferenced file from the top module is not packaged: '/home/andrew/CM_Kintex_FW/src/axiReg/axiRegPkg.vhd'.
WARNING: [IP_Flow 19-3833] Unreferenced file from the top module is not packaged: '/home/andrew/CM_Kintex_FW/src/fw_version.vhd'.
WARNING: [IP_Flow 19-3833] Unreferenced file from the top module is not packaged: '/home/andrew/CM_Kintex_FW/src/axiReg/axiReg.vhd'.
WARNING: [IP_Flow 19-3833] Unreferenced file from the top module is not packaged: '/home/andrew/CM_Kintex_FW/src/CM_K_info/CM_K_info.vhd'.
WARNING: [IP_Flow 19-3833] Unreferenced file from the top module is not packaged: '/home/andrew/CM_Kintex_FW/src/misc/LED_PWM.vhd'.
WARNING: [IP_Flow 19-3833] Unreferenced file from the top module is not packaged: '/home/andrew/CM_Kintex_FW/src/misc/RGB_PWM.vhd'.
WARNING: [IP_Flow 19-3833] Unreferenced file from the top module is not packaged: '/home/andrew/CM_Kintex_FW/src/hw/lpgbt_inputs/bitslip.vhd'.
WARNING: [IP_Flow 19-3833] Unreferenced file from the top module is not packaged: '/home/andrew/CM_Kintex_FW/proj/top.srcs/sources_1/imports/hdl/c2cSlave_wrapper.vhd'.
WARNING: [IP_Flow 19-3833] Unreferenced file from the top module is not packaged: '/home/andrew/CM_Kintex_FW/src/lpgbt-fpga/lpgbtfpga_package.vhd'.
WARNING: [IP_Flow 19-3833] Unreferenced file from the top module is not packaged: '/home/andrew/CM_Kintex_FW/src/lpgbt-fpga/uplink/descrambler_51bitOrder49.vhd'.
WARNING: [IP_Flow 19-3833] Unreferenced file from the top module is not packaged: '/home/andrew/CM_Kintex_FW/src/lpgbt-fpga/uplink/descrambler_53bitOrder49.vhd'.
WARNING: [IP_Flow 19-3833] Unreferenced file from the top module is not packaged: '/home/andrew/CM_Kintex_FW/src/lpgbt-fpga/uplink/descrambler_58bitOrder58.vhd'.
WARNING: [IP_Flow 19-3833] Unreferenced file from the top module is not packaged: '/home/andrew/CM_Kintex_FW/src/lpgbt-fpga/uplink/descrambler_60bitOrder58.vhd'.
WARNING: [IP_Flow 19-3833] Unreferenced file from the top module is not packaged: '/home/andrew/CM_Kintex_FW/src/lpgbt-fpga/uplink/fec_rsDecoderN15K13.vhd'.
WARNING: [IP_Flow 19-3833] Unreferenced file from the top module is not packaged: '/home/andrew/CM_Kintex_FW/src/lpgbt-fpga/uplink/fec_rsDecoderN31K29.vhd'.
WARNING: [IP_Flow 19-3833] Unreferenced file from the top module is not packaged: '/home/andrew/CM_Kintex_FW/src/hw/lpgbt_inputs/gbt_unstuffer_tb.vhd'.
WARNING: [IP_Flow 19-3833] Unreferenced file from the top module is not packaged: '/home/andrew/CM_Kintex_FW/src/lpgbt-fpga/lpbgtfpga_downlink.vhd'.
WARNING: [IP_Flow 19-3833] Unreferenced file from the top module is not packaged: '/home/andrew/CM_Kintex_FW/src/hw/lpgbt_inputs/lpgbt_pkg.vhd'.
WARNING: [IP_Flow 19-3833] Unreferenced file from the top module is not packaged: '/home/andrew/CM_Kintex_FW/src/hw/lpgbt_inputs/lpgbt-emul/mgt_frameAligner_pv.vhd'.
WARNING: [IP_Flow 19-3833] Unreferenced file from the top module is not packaged: '/home/andrew/CM_Kintex_FW/src/hw/lpgbt_inputs/lpgbt-emul/rxgearbox.vhd'.
WARNING: [IP_Flow 19-3833] Unreferenced file from the top module is not packaged: '/home/andrew/CM_Kintex_FW/src/hw/lpgbt_inputs/lpgbt-emul/txgearbox.vhd'.
WARNING: [IP_Flow 19-3833] Unreferenced file from the top module is not packaged: '/home/andrew/CM_Kintex_FW/src/hw/lpgbt_inputs/lpgbt-emul/lpgbtemul_top.vhd'.
WARNING: [IP_Flow 19-3833] Unreferenced file from the top module is not packaged: '/home/andrew/CM_Kintex_FW/src/hw/lpgbt_inputs/lpgbtemul_wrapper.vhd'.
WARNING: [IP_Flow 19-3833] Unreferenced file from the top module is not packaged: '/home/andrew/CM_Kintex_FW/src/hw/lpgbt_inputs/lpgbt_direct_tb.vhd'.
WARNING: [IP_Flow 19-3833] Unreferenced file from the top module is not packaged: '/home/andrew/CM_Kintex_FW/src/lpgbt-fpga/lpgbtfpga_uplink.vhd'.
WARNING: [IP_Flow 19-3833] Unreferenced file from the top module is not packaged: '/home/andrew/CM_Kintex_FW/src/hw/lpgbt_inputs/lpgbt_link_wrapper.vhd'.
WARNING: [IP_Flow 19-3833] Unreferenced file from the top module is not packaged: '/home/andrew/CM_Kintex_FW/src/hw/lpgbt_inputs/lpgbt_top.vhd'.
WARNING: [IP_Flow 19-3833] Unreferenced file from the top module is not packaged: '/home/andrew/CM_Kintex_FW/src/lpgbt-fpga/uplink/lpgbtfpga_decoder.vhd'.
WARNING: [IP_Flow 19-3833] Unreferenced file from the top module is not packaged: '/home/andrew/CM_Kintex_FW/src/lpgbt-fpga/uplink/lpgbtfpga_deinterleaver.vhd'.
WARNING: [IP_Flow 19-3833] Unreferenced file from the top module is not packaged: '/home/andrew/CM_Kintex_FW/src/lpgbt-fpga/uplink/lpgbtfpga_descrambler.vhd'.
WARNING: [IP_Flow 19-3833] Unreferenced file from the top module is not packaged: '/home/andrew/CM_Kintex_FW/src/lpgbt-fpga/downlink/lpgbtfpga_encoder.vhd'.
WARNING: [IP_Flow 19-3833] Unreferenced file from the top module is not packaged: '/home/andrew/CM_Kintex_FW/src/lpgbt-fpga/uplink/lpgbtfpga_framealigner.vhd'.
WARNING: [IP_Flow 19-3833] Unreferenced file from the top module is not packaged: '/home/andrew/CM_Kintex_FW/src/lpgbt-fpga/downlink/lpgbtfpga_interleaver.vhd'.
WARNING: [IP_Flow 19-3833] Unreferenced file from the top module is not packaged: '/home/andrew/CM_Kintex_FW/src/lpgbt-fpga/uplink/lpgbtfpga_rxgearbox.vhd'.
WARNING: [IP_Flow 19-3833] Unreferenced file from the top module is not packaged: '/home/andrew/CM_Kintex_FW/src/lpgbt-fpga/downlink/lpgbtfpga_scrambler.vhd'.
WARNING: [IP_Flow 19-3833] Unreferenced file from the top module is not packaged: '/home/andrew/CM_Kintex_FW/src/lpgbt-fpga/downlink/lpgbtfpga_txgearbox.vhd'.
WARNING: [IP_Flow 19-3833] Unreferenced file from the top module is not packaged: '/home/andrew/CM_Kintex_FW/src/myReg/myReg.vhd'.
WARNING: [IP_Flow 19-3833] Unreferenced file from the top module is not packaged: '/home/andrew/CM_Kintex_FW/src/lpgbt-fpga/downlink/rs_encoder_N7K5.vhd'.
WARNING: [IP_Flow 19-3833] Unreferenced file from the top module is not packaged: '/home/andrew/CM_Kintex_FW/src/top.vhd'.
WARNING: [IP_Flow 19-3833] Unreferenced file from the top module is not packaged: '/home/andrew/CM_Kintex_FW/src/l0mdt_buses_constants.vhdl'.
WARNING: [IP_Flow 19-3833] Unreferenced file from the top module is not packaged: '/home/andrew/CM_Kintex_FW/src/hw/lpgbt_inputs/lpgbt-emul/gt_pkg.vhd'.
WARNING: [IP_Flow 19-3833] Unreferenced file from the top module is not packaged: '/home/andrew/CM_Kintex_FW/proj/top.srcs/sources_1/bd/design_1/design_1.bd'.
WARNING: [IP_Flow 19-378] There are no ports found from top-level file '/home/andrew/CM_Kintex_FW/src/hw/lpgbt_inputs/gbt_ic_controller_tb.vhd'.
WARNING: [IP_Flow 19-965] There are no component ports to infer bus interfaces.
ERROR: [IP_Flow 19-748] Component Definition 'user.org:user:gbt_controller_tb:1.0 (gbt_controller_tb_v1_0)': No ports found. There must be an interface when the IP has at least one source file group.
INFO: [IP_Flow 19-2181] Payment Required is not set for this core.
INFO: [IP_Flow 19-2187] The Product Guide file is missing.
ERROR: [Common 17-39] 'ipx::package_project' failed due to earlier errors.
set_property top gbt_ic_rx [current_fileset]
update_compile_order -fileset sources_1
set_property top lpgbt_top [current_fileset]
update_compile_order -fileset sources_1
WARNING: [IP_Flow 19-3899] Cannot get the environment domain name variable for the component vendor name. Setting the vendor name to 'user.org'.
ipx::package_project -root_dir /home/andrew/CM_Kintex_FW/tmp -vendor user.org -library user -taxonomy /UserIP -import_files -set_current false
WARNING: [IP_Flow 19-3833] Unreferenced file from the top module is not packaged: '/home/andrew/CM_Kintex_FW/src/hw/lpgbt_inputs/gbt_ic_rx.vhd'.
WARNING: [IP_Flow 19-3833] Unreferenced file from the top module is not packaged: '/home/andrew/CM_Kintex_FW/src/hw/lpgbt_inputs/gbt_ic_controller.vhd'.
WARNING: [IP_Flow 19-3833] Unreferenced file from the top module is not packaged: '/home/andrew/CM_Kintex_FW/src/hw/lpgbt_inputs/gbt_unstuffer.vhd'.
WARNING: [IP_Flow 19-3833] Unreferenced file from the top module is not packaged: '/home/andrew/CM_Kintex_FW/src/hw/lpgbt_inputs/gbt_ic_controller_tb.vhd'.
WARNING: [IP_Flow 19-3833] Unreferenced file from the top module is not packaged: '/home/andrew/CM_Kintex_FW/src/user_types_pkg.vhd'.
WARNING: [IP_Flow 19-3833] Unreferenced file from the top module is not packaged: '/home/andrew/CM_Kintex_FW/src/ttc_top.vhd'.
WARNING: [IP_Flow 19-3833] Unreferenced file from the top module is not packaged: '/home/andrew/CM_Kintex_FW/src/user_top.vhd'.
WARNING: [IP_Flow 19-3833] Unreferenced file from the top module is not packaged: '/home/andrew/CM_Kintex_FW/src/mdtl0_top.vhd'.
WARNING: [IP_Flow 19-3833] Unreferenced file from the top module is not packaged: '/home/andrew/CM_Kintex_FW/proj/c2cSlave/c2cSlave.bd'.
WARNING: [IP_Flow 19-3833] Unreferenced file from the top module is not packaged: '/home/andrew/CM_Kintex_FW/src/hw/lpgbt_inputs/lpgbt-emul/descrambler36bitOrder36.v'.
WARNING: [IP_Flow 19-3833] Unreferenced file from the top module is not packaged: '/home/andrew/CM_Kintex_FW/src/hw/lpgbt_inputs/lpgbt-emul/downLinkDeinterleaver.v'.
WARNING: [IP_Flow 19-3833] Unreferenced file from the top module is not packaged: '/home/andrew/CM_Kintex_FW/src/hw/lpgbt_inputs/lpgbt-emul/downLinkFECDecoder.v'.
WARNING: [IP_Flow 19-3833] Unreferenced file from the top module is not packaged: '/home/andrew/CM_Kintex_FW/src/hw/lpgbt_inputs/lpgbt-emul/downLinkRxDataPath.v'.
WARNING: [IP_Flow 19-3833] Unreferenced file from the top module is not packaged: '/home/andrew/CM_Kintex_FW/src/hw/lpgbt_inputs/lpgbt-emul/gf_add_3.v'.
WARNING: [IP_Flow 19-3833] Unreferenced file from the top module is not packaged: '/home/andrew/CM_Kintex_FW/src/hw/lpgbt_inputs/lpgbt-emul/gf_add_4.v'.
WARNING: [IP_Flow 19-3833] Unreferenced file from the top module is not packaged: '/home/andrew/CM_Kintex_FW/src/hw/lpgbt_inputs/lpgbt-emul/gf_add_5.v'.
WARNING: [IP_Flow 19-3833] Unreferenced file from the top module is not packaged: '/home/andrew/CM_Kintex_FW/src/hw/lpgbt_inputs/lpgbt-emul/gf_inv_3.v'.
WARNING: [IP_Flow 19-3833] Unreferenced file from the top module is not packaged: '/home/andrew/CM_Kintex_FW/src/hw/lpgbt_inputs/lpgbt-emul/gf_log_3.v'.
WARNING: [IP_Flow 19-3833] Unreferenced file from the top module is not packaged: '/home/andrew/CM_Kintex_FW/src/hw/lpgbt_inputs/lpgbt-emul/gf_multBy2_3.v'.
WARNING: [IP_Flow 19-3833] Unreferenced file from the top module is not packaged: '/home/andrew/CM_Kintex_FW/src/hw/lpgbt_inputs/lpgbt-emul/gf_multBy2_4.v'.
WARNING: [IP_Flow 19-3833] Unreferenced file from the top module is not packaged: '/home/andrew/CM_Kintex_FW/src/hw/lpgbt_inputs/lpgbt-emul/gf_multBy2_5.v'.
WARNING: [IP_Flow 19-3833] Unreferenced file from the top module is not packaged: '/home/andrew/CM_Kintex_FW/src/hw/lpgbt_inputs/lpgbt-emul/gf_multBy3_4.v'.
WARNING: [IP_Flow 19-3833] Unreferenced file from the top module is not packaged: '/home/andrew/CM_Kintex_FW/src/hw/lpgbt_inputs/lpgbt-emul/gf_multBy3_5.v'.
WARNING: [IP_Flow 19-3833] Unreferenced file from the top module is not packaged: '/home/andrew/CM_Kintex_FW/src/hw/lpgbt_inputs/lpgbt-emul/gf_mult_3.v'.
WARNING: [IP_Flow 19-3833] Unreferenced file from the top module is not packaged: '/home/andrew/CM_Kintex_FW/src/hw/lpgbt_inputs/lpgbt-emul/rs_decoder_N7K5.v'.
WARNING: [IP_Flow 19-3833] Unreferenced file from the top module is not packaged: '/home/andrew/CM_Kintex_FW/src/hw/lpgbt_inputs/lpgbt-emul/rs_encoder_N15K13.v'.
WARNING: [IP_Flow 19-3833] Unreferenced file from the top module is not packaged: '/home/andrew/CM_Kintex_FW/src/hw/lpgbt_inputs/lpgbt-emul/rs_encoder_N31K29.v'.
WARNING: [IP_Flow 19-3833] Unreferenced file from the top module is not packaged: '/home/andrew/CM_Kintex_FW/src/hw/lpgbt_inputs/lpgbt-emul/scrambler51bitOrder49.v'.
WARNING: [IP_Flow 19-3833] Unreferenced file from the top module is not packaged: '/home/andrew/CM_Kintex_FW/src/hw/lpgbt_inputs/lpgbt-emul/scrambler53bitOrder49.v'.
WARNING: [IP_Flow 19-3833] Unreferenced file from the top module is not packaged: '/home/andrew/CM_Kintex_FW/src/hw/lpgbt_inputs/lpgbt-emul/scrambler58bitOrder58.v'.
WARNING: [IP_Flow 19-3833] Unreferenced file from the top module is not packaged: '/home/andrew/CM_Kintex_FW/src/hw/lpgbt_inputs/lpgbt-emul/scrambler60bitOrder58.v'.
WARNING: [IP_Flow 19-3833] Unreferenced file from the top module is not packaged: '/home/andrew/CM_Kintex_FW/src/hw/lpgbt_inputs/srl16e_bbl.v'.
WARNING: [IP_Flow 19-3833] Unreferenced file from the top module is not packaged: '/home/andrew/CM_Kintex_FW/src/hw/lpgbt_inputs/lpgbt-emul/upLinkDataSelect.v'.
WARNING: [IP_Flow 19-3833] Unreferenced file from the top module is not packaged: '/home/andrew/CM_Kintex_FW/src/hw/lpgbt_inputs/lpgbt-emul/upLinkFECEncoder.v'.
WARNING: [IP_Flow 19-3833] Unreferenced file from the top module is not packaged: '/home/andrew/CM_Kintex_FW/src/hw/lpgbt_inputs/lpgbt-emul/upLinkInterleaver.v'.
WARNING: [IP_Flow 19-3833] Unreferenced file from the top module is not packaged: '/home/andrew/CM_Kintex_FW/src/hw/lpgbt_inputs/lpgbt-emul/upLinkScrambler.v'.
WARNING: [IP_Flow 19-3833] Unreferenced file from the top module is not packaged: '/home/andrew/CM_Kintex_FW/src/hw/lpgbt_inputs/lpgbt-emul/upLinkTxDataPath.v'.
WARNING: [IP_Flow 19-3833] Unreferenced file from the top module is not packaged: '/home/andrew/CM_Kintex_FW/src/misc/types.vhd'.
WARNING: [IP_Flow 19-3833] Unreferenced file from the top module is not packaged: '/home/andrew/CM_Kintex_FW/src/axiReg/axiRegPkg.vhd'.
WARNING: [IP_Flow 19-3833] Unreferenced file from the top module is not packaged: '/home/andrew/CM_Kintex_FW/src/fw_version.vhd'.
WARNING: [IP_Flow 19-3833] Unreferenced file from the top module is not packaged: '/home/andrew/CM_Kintex_FW/src/axiReg/axiReg.vhd'.
WARNING: [IP_Flow 19-3833] Unreferenced file from the top module is not packaged: '/home/andrew/CM_Kintex_FW/src/CM_K_info/CM_K_info.vhd'.
WARNING: [IP_Flow 19-3833] Unreferenced file from the top module is not packaged: '/home/andrew/CM_Kintex_FW/src/misc/LED_PWM.vhd'.
WARNING: [IP_Flow 19-3833] Unreferenced file from the top module is not packaged: '/home/andrew/CM_Kintex_FW/src/misc/RGB_PWM.vhd'.
WARNING: [IP_Flow 19-3833] Unreferenced file from the top module is not packaged: '/home/andrew/CM_Kintex_FW/src/hw/lpgbt_inputs/bitslip.vhd'.
WARNING: [IP_Flow 19-3833] Unreferenced file from the top module is not packaged: '/home/andrew/CM_Kintex_FW/proj/top.srcs/sources_1/imports/hdl/c2cSlave_wrapper.vhd'.
WARNING: [IP_Flow 19-3833] Unreferenced file from the top module is not packaged: '/home/andrew/CM_Kintex_FW/src/hw/lpgbt_inputs/gbt_unstuffer_tb.vhd'.
WARNING: [IP_Flow 19-3833] Unreferenced file from the top module is not packaged: '/home/andrew/CM_Kintex_FW/src/hw/lpgbt_inputs/lpgbt-emul/mgt_frameAligner_pv.vhd'.
WARNING: [IP_Flow 19-3833] Unreferenced file from the top module is not packaged: '/home/andrew/CM_Kintex_FW/src/hw/lpgbt_inputs/lpgbt-emul/rxgearbox.vhd'.
WARNING: [IP_Flow 19-3833] Unreferenced file from the top module is not packaged: '/home/andrew/CM_Kintex_FW/src/hw/lpgbt_inputs/lpgbt-emul/txgearbox.vhd'.
WARNING: [IP_Flow 19-3833] Unreferenced file from the top module is not packaged: '/home/andrew/CM_Kintex_FW/src/hw/lpgbt_inputs/lpgbt-emul/lpgbtemul_top.vhd'.
WARNING: [IP_Flow 19-3833] Unreferenced file from the top module is not packaged: '/home/andrew/CM_Kintex_FW/src/hw/lpgbt_inputs/lpgbtemul_wrapper.vhd'.
WARNING: [IP_Flow 19-3833] Unreferenced file from the top module is not packaged: '/home/andrew/CM_Kintex_FW/src/hw/lpgbt_inputs/lpgbt_direct_tb.vhd'.
WARNING: [IP_Flow 19-3833] Unreferenced file from the top module is not packaged: '/home/andrew/CM_Kintex_FW/src/myReg/myReg.vhd'.
WARNING: [IP_Flow 19-3833] Unreferenced file from the top module is not packaged: '/home/andrew/CM_Kintex_FW/src/top.vhd'.
WARNING: [IP_Flow 19-3833] Unreferenced file from the top module is not packaged: '/home/andrew/CM_Kintex_FW/src/l0mdt_buses_constants.vhdl'.
WARNING: [IP_Flow 19-3833] Unreferenced file from the top module is not packaged: '/home/andrew/CM_Kintex_FW/src/hw/lpgbt_inputs/lpgbt-emul/gt_pkg.vhd'.
WARNING: [IP_Flow 19-3833] Unreferenced file from the top module is not packaged: '/home/andrew/CM_Kintex_FW/proj/top.srcs/sources_1/bd/design_1/design_1.bd'.
INFO: [IP_Flow 19-5107] Inferred bus interface 'reset_i' of definition 'xilinx.com:signal:reset:1.0' (from Xilinx Repository).
ERROR: [IP_Flow 19-734] Port 'lpgbt_downlink_data_array_i': Port type 'std32_array_t' is not recognized. Only std_logic and std_logic_vector types are allowed for ports. See the documentation for more details.
ERROR: [IP_Flow 19-734] Port 'lpgbt_uplink_data_array_o': Port type 'std224_array_t' is not recognized. Only std_logic and std_logic_vector types are allowed for ports. See the documentation for more details.
INFO: [IP_Flow 19-2181] Payment Required is not set for this core.
INFO: [IP_Flow 19-2187] The Product Guide file is missing.
ERROR: [Common 17-39] 'ipx::package_project' failed due to earlier errors.
add_files -norecurse /home/andrew/CM_Kintex_FW/src/test.vhd
update_compile_order -fileset sources_1
set_property top test [current_fileset]
update_compile_order -fileset sources_1
set_property top top [current_fileset]
update_compile_order -fileset sources_1
launch_runs impl_1 -to_step write_bitstream -jobs 8
[Tue Feb 25 14:52:06 2020] Launched Local_Clocking_synth_1, synth_1...
Run output will be captured here:
Local_Clocking_synth_1: /home/andrew/CM_Kintex_FW/proj/top.runs/Local_Clocking_synth_1/runme.log
synth_1: /home/andrew/CM_Kintex_FW/proj/top.runs/synth_1/runme.log
[Tue Feb 25 14:52:06 2020] Launched impl_1...
Run output will be captured here: /home/andrew/CM_Kintex_FW/proj/top.runs/impl_1/runme.log
open_run impl_1
INFO: [Netlist 29-17] Analyzing 293 Unisim elements for replacement
INFO: [Netlist 29-28] Unisim Transformation completed in 0 CPU seconds
INFO: [Project 1-479] Netlist was created with Vivado 2018.2
INFO: [Device 21-403] Loading part xcku15p-ffva1760-2-e
INFO: [Project 1-570] Preparing netlist for logic optimization
INFO: [Timing 38-478] Restoring timing data from binary archive.
INFO: [Timing 38-479] Binary timing data restore complete.
INFO: [Project 1-856] Restoring constraints from binary archive.
INFO: [Project 1-853] Binary constraint restore complete.
Reading XDEF placement.
Reading placer database...
Reading XDEF routing.
Read XDEF File: Time (s): cpu = 00:00:00.58 ; elapsed = 00:00:00.57 . Memory (MB): peak = 8475.906 ; gain = 12.000 ; free physical = 3168 ; free virtual = 37288
Restored from archive | CPU: 0.600000 secs | Memory: 14.308266 MB |
Finished XDEF File Restore: Time (s): cpu = 00:00:00.59 ; elapsed = 00:00:00.58 . Memory (MB): peak = 8475.906 ; gain = 12.000 ; free physical = 3168 ; free virtual = 37288
INFO: [Project 1-111] Unisim Transformation Summary:
  A total of 195 instances were transformed.
  IBUFDS => IBUFDS (DIFFINBUF, IBUFCTRL): 1 instances
  IOBUF => IOBUF (IBUFCTRL, INBUF, OBUFT): 2 instances
  LUT6_2 => LUT6_2 (LUT5, LUT6): 79 instances
  RAM32M16 => RAM32M16 (RAMD32, RAMD32, RAMD32, RAMD32, RAMD32, RAMD32, RAMD32, RAMD32, RAMD32, RAMD32, RAMD32, RAMD32, RAMD32, RAMD32, RAMS32, RAMS32): 8 instances
  RAM32X1D => RAM32X1D (RAMD32, RAMD32): 64 instances
  RAM64M8 => RAM64M8 (RAMD64E, RAMD64E, RAMD64E, RAMD64E, RAMD64E, RAMD64E, RAMD64E, RAMD64E): 4 instances
  SRLC32E => SRL16E: 37 instances

open_run: Time (s): cpu = 00:00:35 ; elapsed = 00:00:32 . Memory (MB): peak = 9236.953 ; gain = 1514.871 ; free physical = 2793 ; free virtual = 36925
WARNING: [Timing 38-436] There are set_bus_skew constraint(s) in this design. Please run report_bus_skew to ensure that bus skew requirements are met.
exit
INFO: [Common 17-206] Exiting Vivado at Wed Feb 26 09:02:35 2020...
